<?xml version="1.0" encoding="UTF-8"?>
<testsuite name="co.edu.uniquindio.proyecto.test.VueloTest" tests="4" skipped="0" failures="0" errors="0" timestamp="2022-04-13T21:06:05" hostname="freya" time="0.875">
  <properties/>
  <testcase name="crearVueloTest()" classname="co.edu.uniquindio.proyecto.test.VueloTest" time="0.619"/>
  <testcase name="obtenerVuelosTest()" classname="co.edu.uniquindio.proyecto.test.VueloTest" time="0.174"/>
  <testcase name="editarVueloTest()" classname="co.edu.uniquindio.proyecto.test.VueloTest" time="0.031"/>
  <testcase name="eliminarVueloTest()" classname="co.edu.uniquindio.proyecto.test.VueloTest" time="0.043"/>
  <system-out><![CDATA[16:05:37.056 [Test worker] DEBUG org.springframework.test.context.BootstrapUtils - Instantiating CacheAwareContextLoaderDelegate from class [org.springframework.test.context.cache.DefaultCacheAwareContextLoaderDelegate]
16:05:37.073 [Test worker] DEBUG org.springframework.test.context.BootstrapUtils - Instantiating BootstrapContext using constructor [public org.springframework.test.context.support.DefaultBootstrapContext(java.lang.Class,org.springframework.test.context.CacheAwareContextLoaderDelegate)]
16:05:37.175 [Test worker] DEBUG org.springframework.test.context.BootstrapUtils - Instantiating TestContextBootstrapper for test class [co.edu.uniquindio.proyecto.test.VueloTest] from class [org.springframework.boot.test.autoconfigure.orm.jpa.DataJpaTestContextBootstrapper]
16:05:37.201 [Test worker] INFO org.springframework.boot.test.autoconfigure.orm.jpa.DataJpaTestContextBootstrapper - Neither @ContextConfiguration nor @ContextHierarchy found for test class [co.edu.uniquindio.proyecto.test.VueloTest], using SpringBootContextLoader
16:05:37.211 [Test worker] DEBUG org.springframework.test.context.support.AbstractContextLoader - Did not detect default resource location for test class [co.edu.uniquindio.proyecto.test.VueloTest]: class path resource [co/edu/uniquindio/proyecto/test/VueloTest-context.xml] does not exist
16:05:37.212 [Test worker] DEBUG org.springframework.test.context.support.AbstractContextLoader - Did not detect default resource location for test class [co.edu.uniquindio.proyecto.test.VueloTest]: class path resource [co/edu/uniquindio/proyecto/test/VueloTestContext.groovy] does not exist
16:05:37.213 [Test worker] INFO org.springframework.test.context.support.AbstractContextLoader - Could not detect default resource locations for test class [co.edu.uniquindio.proyecto.test.VueloTest]: no resource found for suffixes {-context.xml, Context.groovy}.
16:05:37.215 [Test worker] INFO org.springframework.test.context.support.AnnotationConfigContextLoaderUtils - Could not detect default configuration classes for test class [co.edu.uniquindio.proyecto.test.VueloTest]: VueloTest does not declare any static, non-private, non-final, nested classes annotated with @Configuration.
16:05:37.347 [Test worker] DEBUG org.springframework.test.context.support.ActiveProfilesUtils - Could not find an 'annotation declaring class' for annotation type [org.springframework.test.context.ActiveProfiles] and class [co.edu.uniquindio.proyecto.test.VueloTest]
16:05:37.465 [Test worker] DEBUG org.springframework.context.annotation.ClassPathScanningCandidateComponentProvider - Identified candidate component class: file [/home/stiven/Programming/Workspaces/Intellij/Proyecto_Programacion_Avanzada/persistencia/build/classes/java/main/co/edu/uniquindio/proyecto/PersistenciaApplication.class]
16:05:37.467 [Test worker] INFO org.springframework.boot.test.context.SpringBootTestContextBootstrapper - Found @SpringBootConfiguration co.edu.uniquindio.proyecto.PersistenciaApplication for test class co.edu.uniquindio.proyecto.test.VueloTest
16:05:37.476 [Test worker] DEBUG org.springframework.boot.test.autoconfigure.orm.jpa.DataJpaTestContextBootstrapper - @TestExecutionListeners is not present for class [co.edu.uniquindio.proyecto.test.VueloTest]: using defaults.
16:05:37.477 [Test worker] INFO org.springframework.boot.test.autoconfigure.orm.jpa.DataJpaTestContextBootstrapper - Loaded default TestExecutionListener class names from location [META-INF/spring.factories]: [org.springframework.boot.test.autoconfigure.restdocs.RestDocsTestExecutionListener, org.springframework.boot.test.autoconfigure.web.client.MockRestServiceServerResetTestExecutionListener, org.springframework.boot.test.autoconfigure.web.servlet.MockMvcPrintOnlyOnFailureTestExecutionListener, org.springframework.boot.test.autoconfigure.web.servlet.WebDriverTestExecutionListener, org.springframework.boot.test.autoconfigure.webservices.client.MockWebServiceServerTestExecutionListener, org.springframework.boot.test.mock.mockito.MockitoTestExecutionListener, org.springframework.boot.test.mock.mockito.ResetMocksTestExecutionListener, org.springframework.test.context.web.ServletTestExecutionListener, org.springframework.test.context.support.DirtiesContextBeforeModesTestExecutionListener, org.springframework.test.context.event.ApplicationEventsTestExecutionListener, org.springframework.test.context.support.DependencyInjectionTestExecutionListener, org.springframework.test.context.support.DirtiesContextTestExecutionListener, org.springframework.test.context.transaction.TransactionalTestExecutionListener, org.springframework.test.context.jdbc.SqlScriptsTestExecutionListener, org.springframework.test.context.event.EventPublishingTestExecutionListener]
16:05:37.493 [Test worker] DEBUG org.springframework.boot.test.autoconfigure.orm.jpa.DataJpaTestContextBootstrapper - Skipping candidate TestExecutionListener [org.springframework.test.context.web.ServletTestExecutionListener] due to a missing dependency. Specify custom listener classes or make the default listener classes and their required dependencies available. Offending class: [javax/servlet/ServletContext]
16:05:37.504 [Test worker] INFO org.springframework.boot.test.autoconfigure.orm.jpa.DataJpaTestContextBootstrapper - Using TestExecutionListeners: [org.springframework.test.context.support.DirtiesContextBeforeModesTestExecutionListener@204f586a, org.springframework.test.context.event.ApplicationEventsTestExecutionListener@75ff7cd0, org.springframework.boot.test.mock.mockito.MockitoTestExecutionListener@705066ab, org.springframework.boot.test.autoconfigure.SpringBootDependencyInjectionTestExecutionListener@1e2a8c69, org.springframework.test.context.support.DirtiesContextTestExecutionListener@447c1bce, org.springframework.test.context.transaction.TransactionalTestExecutionListener@4aebf66d, org.springframework.test.context.jdbc.SqlScriptsTestExecutionListener@39fdb4a5, org.springframework.test.context.event.EventPublishingTestExecutionListener@737e2e37, org.springframework.boot.test.autoconfigure.restdocs.RestDocsTestExecutionListener@5778e9fd, org.springframework.boot.test.autoconfigure.web.client.MockRestServiceServerResetTestExecutionListener@42b535e1, org.springframework.boot.test.autoconfigure.web.servlet.MockMvcPrintOnlyOnFailureTestExecutionListener@16b9f98e, org.springframework.boot.test.autoconfigure.web.servlet.WebDriverTestExecutionListener@143462f8, org.springframework.boot.test.autoconfigure.webservices.client.MockWebServiceServerTestExecutionListener@4134682, org.springframework.boot.test.mock.mockito.ResetMocksTestExecutionListener@6fe271dc]
16:05:37.512 [Test worker] DEBUG org.springframework.test.context.support.AbstractDirtiesContextTestExecutionListener - Before test class: context [DefaultTestContext@357b7544 testClass = VueloTest, testInstance = [null], testMethod = [null], testException = [null], mergedContextConfiguration = [MergedContextConfiguration@35665252 testClass = VueloTest, locations = '{}', classes = '{class co.edu.uniquindio.proyecto.PersistenciaApplication}', contextInitializerClasses = '[]', activeProfiles = '{}', propertySourceLocations = '{}', propertySourceProperties = '{org.springframework.boot.test.autoconfigure.orm.jpa.DataJpaTestContextBootstrapper=true}', contextCustomizers = set[org.springframework.boot.test.autoconfigure.OverrideAutoConfigurationContextCustomizerFactory$DisableAutoConfigurationContextCustomizer@f247329, org.springframework.boot.test.autoconfigure.actuate.metrics.MetricsExportContextCustomizerFactory$DisableMetricExportContextCustomizer@650d3e48, org.springframework.boot.test.autoconfigure.filter.TypeExcludeFiltersContextCustomizer@351584c0, org.springframework.boot.test.autoconfigure.properties.PropertyMappingContextCustomizer@597e3a91, org.springframework.boot.test.autoconfigure.web.servlet.WebDriverContextCustomizerFactory$Customizer@6ac8806d, [ImportsContextCustomizer@7699a895 key = [org.springframework.boot.autoconfigure.cache.CacheAutoConfiguration, org.springframework.boot.autoconfigure.data.jpa.JpaRepositoriesAutoConfiguration, org.springframework.boot.autoconfigure.flyway.FlywayAutoConfiguration, org.springframework.boot.autoconfigure.jdbc.DataSourceAutoConfiguration, org.springframework.boot.autoconfigure.jdbc.DataSourceTransactionManagerAutoConfiguration, org.springframework.boot.autoconfigure.jdbc.JdbcTemplateAutoConfiguration, org.springframework.boot.autoconfigure.liquibase.LiquibaseAutoConfiguration, org.springframework.boot.autoconfigure.orm.jpa.HibernateJpaAutoConfiguration, org.springframework.boot.autoconfigure.sql.init.SqlInitializationAutoConfiguration, org.springframework.boot.autoconfigure.transaction.TransactionAutoConfiguration, org.springframework.boot.test.autoconfigure.jdbc.TestDatabaseAutoConfiguration, org.springframework.boot.test.autoconfigure.orm.jpa.TestEntityManagerAutoConfiguration]], org.springframework.boot.test.context.filter.ExcludeFilterContextCustomizer@73132f99, org.springframework.boot.test.json.DuplicateJsonObjectContextCustomizerFactory$DuplicateJsonObjectContextCustomizer@1bb564ad, org.springframework.boot.test.mock.mockito.MockitoContextCustomizer@0, org.springframework.boot.test.context.SpringBootTestArgs@1, org.springframework.boot.test.context.SpringBootTestWebEnvironment@0], contextLoader = 'org.springframework.boot.test.context.SpringBootContextLoader', parent = [null]], attributes = map[[empty]]], class annotated with @DirtiesContext [false] with mode [null].
16:05:37.534 [Test worker] DEBUG org.springframework.test.context.support.DependencyInjectionTestExecutionListener - Performing dependency injection for test context [[DefaultTestContext@357b7544 testClass = VueloTest, testInstance = co.edu.uniquindio.proyecto.test.VueloTest@6dc0dbf6, testMethod = [null], testException = [null], mergedContextConfiguration = [MergedContextConfiguration@35665252 testClass = VueloTest, locations = '{}', classes = '{class co.edu.uniquindio.proyecto.PersistenciaApplication}', contextInitializerClasses = '[]', activeProfiles = '{}', propertySourceLocations = '{}', propertySourceProperties = '{org.springframework.boot.test.autoconfigure.orm.jpa.DataJpaTestContextBootstrapper=true}', contextCustomizers = set[org.springframework.boot.test.autoconfigure.OverrideAutoConfigurationContextCustomizerFactory$DisableAutoConfigurationContextCustomizer@f247329, org.springframework.boot.test.autoconfigure.actuate.metrics.MetricsExportContextCustomizerFactory$DisableMetricExportContextCustomizer@650d3e48, org.springframework.boot.test.autoconfigure.filter.TypeExcludeFiltersContextCustomizer@351584c0, org.springframework.boot.test.autoconfigure.properties.PropertyMappingContextCustomizer@597e3a91, org.springframework.boot.test.autoconfigure.web.servlet.WebDriverContextCustomizerFactory$Customizer@6ac8806d, [ImportsContextCustomizer@7699a895 key = [org.springframework.boot.autoconfigure.cache.CacheAutoConfiguration, org.springframework.boot.autoconfigure.data.jpa.JpaRepositoriesAutoConfiguration, org.springframework.boot.autoconfigure.flyway.FlywayAutoConfiguration, org.springframework.boot.autoconfigure.jdbc.DataSourceAutoConfiguration, org.springframework.boot.autoconfigure.jdbc.DataSourceTransactionManagerAutoConfiguration, org.springframework.boot.autoconfigure.jdbc.JdbcTemplateAutoConfiguration, org.springframework.boot.autoconfigure.liquibase.LiquibaseAutoConfiguration, org.springframework.boot.autoconfigure.orm.jpa.HibernateJpaAutoConfiguration, org.springframework.boot.autoconfigure.sql.init.SqlInitializationAutoConfiguration, org.springframework.boot.autoconfigure.transaction.TransactionAutoConfiguration, org.springframework.boot.test.autoconfigure.jdbc.TestDatabaseAutoConfiguration, org.springframework.boot.test.autoconfigure.orm.jpa.TestEntityManagerAutoConfiguration]], org.springframework.boot.test.context.filter.ExcludeFilterContextCustomizer@73132f99, org.springframework.boot.test.json.DuplicateJsonObjectContextCustomizerFactory$DuplicateJsonObjectContextCustomizer@1bb564ad, org.springframework.boot.test.mock.mockito.MockitoContextCustomizer@0, org.springframework.boot.test.context.SpringBootTestArgs@1, org.springframework.boot.test.context.SpringBootTestWebEnvironment@0], contextLoader = 'org.springframework.boot.test.context.SpringBootContextLoader', parent = [null]], attributes = map['org.springframework.test.context.event.ApplicationEventsTestExecutionListener.recordApplicationEvents' -> false]]].

  .   ____          _            __ _ _
 /\\ / ___'_ __ _ _(_)_ __  __ _ \ \ \ \
( ( )\___ | '_ | '_| | '_ \/ _` | \ \ \ \
 \\/  ___)| |_)| | | | | || (_| |  ) ) ) )
  '  |____| .__|_| |_|_| |_\__, | / / / /
 =========|_|==============|___/=/_/_/_/
 :: Spring Boot ::                (v2.6.6)

2022-04-13 16:05:38.204  INFO 7343 --- [    Test worker] c.e.uniquindio.proyecto.test.VueloTest   : Starting VueloTest using Java 16.0.2 on freya with PID 7343 (started by stiven in /home/stiven/Programming/Workspaces/Intellij/Proyecto_Programacion_Avanzada/persistencia)
2022-04-13 16:05:38.208  INFO 7343 --- [    Test worker] c.e.uniquindio.proyecto.test.VueloTest   : No active profile set, falling back to 1 default profile: "default"
2022-04-13 16:05:38.974  INFO 7343 --- [    Test worker] .s.d.r.c.RepositoryConfigurationDelegate : Bootstrapping Spring Data JPA repositories in DEFAULT mode.
2022-04-13 16:05:39.149  INFO 7343 --- [    Test worker] .s.d.r.c.RepositoryConfigurationDelegate : Finished Spring Data repository scanning in 162 ms. Found 14 JPA repository interfaces.
2022-04-13 16:05:40.104  INFO 7343 --- [    Test worker] o.hibernate.jpa.internal.util.LogHelper  : HHH000204: Processing PersistenceUnitInfo [name: default]
2022-04-13 16:05:40.203  INFO 7343 --- [    Test worker] org.hibernate.Version                    : HHH000412: Hibernate ORM core version 5.6.7.Final
2022-04-13 16:05:40.531  INFO 7343 --- [    Test worker] o.hibernate.annotations.common.Version   : HCANN000001: Hibernate Commons Annotations {5.1.2.Final}
2022-04-13 16:05:40.750  INFO 7343 --- [    Test worker] com.zaxxer.hikari.HikariDataSource       : HikariPool-1 - Starting...
2022-04-13 16:05:41.031  INFO 7343 --- [    Test worker] com.zaxxer.hikari.HikariDataSource       : HikariPool-1 - Start completed.
2022-04-13 16:05:41.077  INFO 7343 --- [    Test worker] org.hibernate.dialect.Dialect            : HHH000400: Using dialect: org.hibernate.dialect.MySQL55Dialect
Hibernate: alter table cama drop foreign key FKli326wl2aukml5r2qw02yv0it
Hibernate: alter table ciudad drop foreign key FK8n3240dnoeko55cgg0xql3hxy
Hibernate: alter table comentario drop foreign key FKjlk15yg6jwgtm6c48x9v62hbt
Hibernate: alter table comentario drop foreign key FKcw49otpvr1r20ib7gbvtph6sy
Hibernate: alter table detalle_reserva_habitacion drop foreign key FKnaienda1s7fk43ffbrwm8v7g3
Hibernate: alter table detalle_reserva_habitacion drop foreign key FK5shove66pd8o5d8hi5ciq79uq
Hibernate: alter table detalle_reserva_silla drop foreign key FKbxvucxbjt1ce9tn98tig6woxa
Hibernate: alter table detalle_reserva_silla drop foreign key FKdh8g7oqnutax96uasiplq8tho
Hibernate: alter table habitacion drop foreign key FKaw0uhcffsnw4mkkhtyihtanem
Hibernate: alter table habitacion_lista_fotos drop foreign key FKqo6en2ro53pvtt8svevo60bwc
Hibernate: alter table hotel drop foreign key FK7qa40oyc28mlbnfjrepjx6moy
Hibernate: alter table hotel drop foreign key FK88xy271v3ia7g6pk148d6793i
Hibernate: alter table hotel_lista_caracteristicas drop foreign key FKb40hsacpo8evl75dt77clx4fr
Hibernate: alter table hotel_lista_caracteristicas drop foreign key FKjwrhbq3jb3gmcvjwpf52kq0vk
Hibernate: alter table hotel_lista_favoritos_usuarios drop foreign key FKp6a04ufq6l3w82sga76gcwyb4
Hibernate: alter table hotel_lista_favoritos_usuarios drop foreign key FK3m5hb11j2qcc89ygvasb7t7ej
Hibernate: alter table hotel_lista_fotos drop foreign key FK6ykncwwe2wftl28v4qrhfy2mn
Hibernate: alter table persona drop foreign key FK4qqafv8task48e1vkav8nv51v
Hibernate: alter table persona_hoteles_favoritos drop foreign key FKd5bbijx6uttphr0ais5os58v5
Hibernate: alter table persona_hoteles_favoritos drop foreign key FK4qbx7k9l3m4oi93kyrrf0298f
Hibernate: alter table persona_telefonos drop foreign key FKj3kvsefsugsb52f981di0ltpm
Hibernate: alter table reserva drop foreign key FK84kypogdn2ijogpysnybsa1ag
Hibernate: alter table silla drop foreign key FKbquiq57lttfupf6gmjphujt8u
Hibernate: alter table vuelo drop foreign key FKnbt9exec41x1746aqt8kpja4q
Hibernate: alter table vuelo drop foreign key FKkx39lsusntvqnow200yjka001
Hibernate: drop table if exists cama
Hibernate: drop table if exists caracteristica
Hibernate: drop table if exists ciudad
Hibernate: drop table if exists comentario
Hibernate: drop table if exists departamento
Hibernate: drop table if exists detalle_reserva_habitacion
Hibernate: drop table if exists detalle_reserva_silla
Hibernate: drop table if exists habitacion
Hibernate: drop table if exists habitacion_lista_fotos
Hibernate: drop table if exists hotel
Hibernate: drop table if exists hotel_lista_caracteristicas
Hibernate: drop table if exists hotel_lista_favoritos_usuarios
Hibernate: drop table if exists hotel_lista_fotos
Hibernate: drop table if exists persona
Hibernate: drop table if exists persona_hoteles_favoritos
Hibernate: drop table if exists persona_telefonos
Hibernate: drop table if exists reserva
Hibernate: drop table if exists silla
Hibernate: drop table if exists vuelo
Hibernate: create table cama (codigo_cama integer not null auto_increment, tipo varchar(50), codigo_habitacion integer, primary key (codigo_cama)) engine=InnoDB
Hibernate: create table caracteristica (codigo integer not null auto_increment, descripcion varchar(50), primary key (codigo)) engine=InnoDB
Hibernate: create table ciudad (codigo_ciudad integer not null auto_increment, nombre varchar(50), codigo_departamento integer not null, primary key (codigo_ciudad)) engine=InnoDB
Hibernate: create table comentario (codigo integer not null auto_increment, calificacion smallint not null, observacion varchar(150), cedula_usuario_cedula varchar(255) not null, codigo_hotel_codigo_hotel integer not null, primary key (codigo)) engine=InnoDB
Hibernate: create table departamento (codigo_departamento integer not null auto_increment, nombre varchar(50) not null, primary key (codigo_departamento)) engine=InnoDB
Hibernate: create table detalle_reserva_habitacion (codigo integer not null auto_increment, cantidad_habitaciones smallint not null, precio double precision not null, codigo_habitacion integer not null, codigo_reserva integer not null, primary key (codigo)) engine=InnoDB
Hibernate: create table detalle_reserva_silla (codigo integer not null auto_increment, precio double precision not null, codigo_reserva integer not null, codigo_silla integer not null, primary key (codigo)) engine=InnoDB
Hibernate: create table habitacion (codigo_habitacion integer not null auto_increment, capacidad integer not null, precio double precision not null, codigo_hotel integer not null, primary key (codigo_habitacion)) engine=InnoDB
Hibernate: create table habitacion_lista_fotos (habitacion_codigo_habitacion integer not null, lista_fotos varchar(255)) engine=InnoDB
Hibernate: create table hotel (codigo_hotel integer not null auto_increment, direccion varchar(255), nombre varchar(255), administrador varchar(255) not null, codigo_ciudad integer not null, primary key (codigo_hotel)) engine=InnoDB
Hibernate: create table hotel_lista_caracteristicas (hotel_codigo_hotel integer not null, lista_caracteristicas_codigo integer not null) engine=InnoDB
Hibernate: create table hotel_lista_favoritos_usuarios (hotel_codigo_hotel integer not null, lista_favoritos_usuarios_cedula varchar(255) not null) engine=InnoDB
Hibernate: create table hotel_lista_fotos (hotel_codigo_hotel integer not null, lista_fotos varchar(255)) engine=InnoDB
Hibernate: create table persona (tipo varchar(31) not null, cedula varchar(10) not null, contrasena varchar(100), email varchar(200), nombre_completo varchar(40), codigo_ciudad integer not null, primary key (cedula)) engine=InnoDB
Hibernate: create table persona_hoteles_favoritos (persona_usuario_cedula varchar(255) not null, hoteles_favoritos_codigo_hotel integer not null) engine=InnoDB
Hibernate: create table persona_telefonos (persona_cedula varchar(255) not null, telefonos varchar(255)) engine=InnoDB
Hibernate: create table reserva (codigo integer not null auto_increment, estado_reserva varchar(255) not null, fecha_llegada date not null, fecha_reserva date not null, fecha_salida date not null, codigo_usuario varchar(255), primary key (codigo)) engine=InnoDB
Hibernate: create table silla (codigo_silla integer not null auto_increment, precio double precision not null, codigo_vuelo integer not null, primary key (codigo_silla)) engine=InnoDB
Hibernate: create table vuelo (codigo_vuelo integer not null auto_increment, aerolinea varchar(150), ciudad_destino integer not null, ciudad_origen integer not null, primary key (codigo_vuelo)) engine=InnoDB
Hibernate: alter table caracteristica add constraint UK_j8durue3o6ynrppb43iykmsn0 unique (descripcion)
Hibernate: alter table hotel add constraint UK_k66yxxve7uteg35xecxhk2urd unique (direccion)
Hibernate: alter table persona add constraint UK_bfxfxg15pmy0c1imvi6ucoeem unique (email)
Hibernate: alter table cama add constraint FKli326wl2aukml5r2qw02yv0it foreign key (codigo_habitacion) references habitacion (codigo_habitacion)
Hibernate: alter table ciudad add constraint FK8n3240dnoeko55cgg0xql3hxy foreign key (codigo_departamento) references departamento (codigo_departamento)
Hibernate: alter table comentario add constraint FKjlk15yg6jwgtm6c48x9v62hbt foreign key (cedula_usuario_cedula) references persona (cedula)
Hibernate: alter table comentario add constraint FKcw49otpvr1r20ib7gbvtph6sy foreign key (codigo_hotel_codigo_hotel) references hotel (codigo_hotel)
Hibernate: alter table detalle_reserva_habitacion add constraint FKnaienda1s7fk43ffbrwm8v7g3 foreign key (codigo_habitacion) references habitacion (codigo_habitacion)
Hibernate: alter table detalle_reserva_habitacion add constraint FK5shove66pd8o5d8hi5ciq79uq foreign key (codigo_reserva) references reserva (codigo)
Hibernate: alter table detalle_reserva_silla add constraint FKbxvucxbjt1ce9tn98tig6woxa foreign key (codigo_reserva) references reserva (codigo)
Hibernate: alter table detalle_reserva_silla add constraint FKdh8g7oqnutax96uasiplq8tho foreign key (codigo_silla) references silla (codigo_silla)
Hibernate: alter table habitacion add constraint FKaw0uhcffsnw4mkkhtyihtanem foreign key (codigo_hotel) references hotel (codigo_hotel)
Hibernate: alter table habitacion_lista_fotos add constraint FKqo6en2ro53pvtt8svevo60bwc foreign key (habitacion_codigo_habitacion) references habitacion (codigo_habitacion)
Hibernate: alter table hotel add constraint FK7qa40oyc28mlbnfjrepjx6moy foreign key (administrador) references persona (cedula)
Hibernate: alter table hotel add constraint FK88xy271v3ia7g6pk148d6793i foreign key (codigo_ciudad) references ciudad (codigo_ciudad)
Hibernate: alter table hotel_lista_caracteristicas add constraint FKb40hsacpo8evl75dt77clx4fr foreign key (lista_caracteristicas_codigo) references caracteristica (codigo)
Hibernate: alter table hotel_lista_caracteristicas add constraint FKjwrhbq3jb3gmcvjwpf52kq0vk foreign key (hotel_codigo_hotel) references hotel (codigo_hotel)
Hibernate: alter table hotel_lista_favoritos_usuarios add constraint FKp6a04ufq6l3w82sga76gcwyb4 foreign key (lista_favoritos_usuarios_cedula) references persona (cedula)
Hibernate: alter table hotel_lista_favoritos_usuarios add constraint FK3m5hb11j2qcc89ygvasb7t7ej foreign key (hotel_codigo_hotel) references hotel (codigo_hotel)
Hibernate: alter table hotel_lista_fotos add constraint FK6ykncwwe2wftl28v4qrhfy2mn foreign key (hotel_codigo_hotel) references hotel (codigo_hotel)
Hibernate: alter table persona add constraint FK4qqafv8task48e1vkav8nv51v foreign key (codigo_ciudad) references ciudad (codigo_ciudad)
Hibernate: alter table persona_hoteles_favoritos add constraint FKd5bbijx6uttphr0ais5os58v5 foreign key (hoteles_favoritos_codigo_hotel) references hotel (codigo_hotel)
Hibernate: alter table persona_hoteles_favoritos add constraint FK4qbx7k9l3m4oi93kyrrf0298f foreign key (persona_usuario_cedula) references persona (cedula)
Hibernate: alter table persona_telefonos add constraint FKj3kvsefsugsb52f981di0ltpm foreign key (persona_cedula) references persona (cedula)
Hibernate: alter table reserva add constraint FK84kypogdn2ijogpysnybsa1ag foreign key (codigo_usuario) references persona (cedula)
Hibernate: alter table silla add constraint FKbquiq57lttfupf6gmjphujt8u foreign key (codigo_vuelo) references vuelo (codigo_vuelo)
Hibernate: alter table vuelo add constraint FKnbt9exec41x1746aqt8kpja4q foreign key (ciudad_destino) references ciudad (codigo_ciudad)
Hibernate: alter table vuelo add constraint FKkx39lsusntvqnow200yjka001 foreign key (ciudad_origen) references ciudad (codigo_ciudad)
2022-04-13 16:06:02.756  INFO 7343 --- [    Test worker] o.h.e.t.j.p.i.JtaPlatformInitiator       : HHH000490: Using JtaPlatform implementation: [org.hibernate.engine.transaction.jta.platform.internal.NoJtaPlatform]
2022-04-13 16:06:02.783  INFO 7343 --- [    Test worker] j.LocalContainerEntityManagerFactoryBean : Initialized JPA EntityManagerFactory for persistence unit 'default'
2022-04-13 16:06:05.310  INFO 7343 --- [    Test worker] c.e.uniquindio.proyecto.test.VueloTest   : Started VueloTest in 27.727 seconds (JVM running for 29.727)
2022-04-13 16:06:05.359  INFO 7343 --- [    Test worker] o.s.t.c.transaction.TransactionContext   : Began transaction (1) for test context [DefaultTestContext@357b7544 testClass = VueloTest, testInstance = co.edu.uniquindio.proyecto.test.VueloTest@6dc0dbf6, testMethod = crearVueloTest@VueloTest, testException = [null], mergedContextConfiguration = [MergedContextConfiguration@35665252 testClass = VueloTest, locations = '{}', classes = '{class co.edu.uniquindio.proyecto.PersistenciaApplication}', contextInitializerClasses = '[]', activeProfiles = '{}', propertySourceLocations = '{}', propertySourceProperties = '{org.springframework.boot.test.autoconfigure.orm.jpa.DataJpaTestContextBootstrapper=true}', contextCustomizers = set[org.springframework.boot.test.autoconfigure.OverrideAutoConfigurationContextCustomizerFactory$DisableAutoConfigurationContextCustomizer@f247329, org.springframework.boot.test.autoconfigure.actuate.metrics.MetricsExportContextCustomizerFactory$DisableMetricExportContextCustomizer@650d3e48, org.springframework.boot.test.autoconfigure.filter.TypeExcludeFiltersContextCustomizer@351584c0, org.springframework.boot.test.autoconfigure.properties.PropertyMappingContextCustomizer@597e3a91, org.springframework.boot.test.autoconfigure.web.servlet.WebDriverContextCustomizerFactory$Customizer@6ac8806d, [ImportsContextCustomizer@7699a895 key = [org.springframework.boot.autoconfigure.cache.CacheAutoConfiguration, org.springframework.boot.autoconfigure.data.jpa.JpaRepositoriesAutoConfiguration, org.springframework.boot.autoconfigure.flyway.FlywayAutoConfiguration, org.springframework.boot.autoconfigure.jdbc.DataSourceAutoConfiguration, org.springframework.boot.autoconfigure.jdbc.DataSourceTransactionManagerAutoConfiguration, org.springframework.boot.autoconfigure.jdbc.JdbcTemplateAutoConfiguration, org.springframework.boot.autoconfigure.liquibase.LiquibaseAutoConfiguration, org.springframework.boot.autoconfigure.orm.jpa.HibernateJpaAutoConfiguration, org.springframework.boot.autoconfigure.sql.init.SqlInitializationAutoConfiguration, org.springframework.boot.autoconfigure.transaction.TransactionAutoConfiguration, org.springframework.boot.test.autoconfigure.jdbc.TestDatabaseAutoConfiguration, org.springframework.boot.test.autoconfigure.orm.jpa.TestEntityManagerAutoConfiguration]], org.springframework.boot.test.context.filter.ExcludeFilterContextCustomizer@73132f99, org.springframework.boot.test.json.DuplicateJsonObjectContextCustomizerFactory$DuplicateJsonObjectContextCustomizer@1bb564ad, org.springframework.boot.test.mock.mockito.MockitoContextCustomizer@0, org.springframework.boot.test.context.SpringBootTestArgs@1, org.springframework.boot.test.context.SpringBootTestWebEnvironment@0], contextLoader = 'org.springframework.boot.test.context.SpringBootContextLoader', parent = [null]], attributes = map['org.springframework.test.context.event.ApplicationEventsTestExecutionListener.recordApplicationEvents' -> false]]; transaction manager [org.springframework.orm.jpa.JpaTransactionManager@2dcccfa2]; rollback [true]
Hibernate: insert into departamento (nombre) values (?)
Hibernate: insert into ciudad (codigo_departamento, nombre) values (?, ?)
Hibernate: insert into ciudad (codigo_departamento, nombre) values (?, ?)
Hibernate: insert into vuelo (aerolinea, ciudad_destino, ciudad_origen) values (?, ?, ?)
2022-04-13 16:06:05.945  INFO 7343 --- [    Test worker] o.s.t.c.transaction.TransactionContext   : Rolled back transaction for test: [DefaultTestContext@357b7544 testClass = VueloTest, testInstance = co.edu.uniquindio.proyecto.test.VueloTest@6dc0dbf6, testMethod = crearVueloTest@VueloTest, testException = [null], mergedContextConfiguration = [MergedContextConfiguration@35665252 testClass = VueloTest, locations = '{}', classes = '{class co.edu.uniquindio.proyecto.PersistenciaApplication}', contextInitializerClasses = '[]', activeProfiles = '{}', propertySourceLocations = '{}', propertySourceProperties = '{org.springframework.boot.test.autoconfigure.orm.jpa.DataJpaTestContextBootstrapper=true}', contextCustomizers = set[org.springframework.boot.test.autoconfigure.OverrideAutoConfigurationContextCustomizerFactory$DisableAutoConfigurationContextCustomizer@f247329, org.springframework.boot.test.autoconfigure.actuate.metrics.MetricsExportContextCustomizerFactory$DisableMetricExportContextCustomizer@650d3e48, org.springframework.boot.test.autoconfigure.filter.TypeExcludeFiltersContextCustomizer@351584c0, org.springframework.boot.test.autoconfigure.properties.PropertyMappingContextCustomizer@597e3a91, org.springframework.boot.test.autoconfigure.web.servlet.WebDriverContextCustomizerFactory$Customizer@6ac8806d, [ImportsContextCustomizer@7699a895 key = [org.springframework.boot.autoconfigure.cache.CacheAutoConfiguration, org.springframework.boot.autoconfigure.data.jpa.JpaRepositoriesAutoConfiguration, org.springframework.boot.autoconfigure.flyway.FlywayAutoConfiguration, org.springframework.boot.autoconfigure.jdbc.DataSourceAutoConfiguration, org.springframework.boot.autoconfigure.jdbc.DataSourceTransactionManagerAutoConfiguration, org.springframework.boot.autoconfigure.jdbc.JdbcTemplateAutoConfiguration, org.springframework.boot.autoconfigure.liquibase.LiquibaseAutoConfiguration, org.springframework.boot.autoconfigure.orm.jpa.HibernateJpaAutoConfiguration, org.springframework.boot.autoconfigure.sql.init.SqlInitializationAutoConfiguration, org.springframework.boot.autoconfigure.transaction.TransactionAutoConfiguration, org.springframework.boot.test.autoconfigure.jdbc.TestDatabaseAutoConfiguration, org.springframework.boot.test.autoconfigure.orm.jpa.TestEntityManagerAutoConfiguration]], org.springframework.boot.test.context.filter.ExcludeFilterContextCustomizer@73132f99, org.springframework.boot.test.json.DuplicateJsonObjectContextCustomizerFactory$DuplicateJsonObjectContextCustomizer@1bb564ad, org.springframework.boot.test.mock.mockito.MockitoContextCustomizer@0, org.springframework.boot.test.context.SpringBootTestArgs@1, org.springframework.boot.test.context.SpringBootTestWebEnvironment@0], contextLoader = 'org.springframework.boot.test.context.SpringBootContextLoader', parent = [null]], attributes = map['org.springframework.test.context.event.ApplicationEventsTestExecutionListener.recordApplicationEvents' -> false]]
2022-04-13 16:06:05.962  INFO 7343 --- [    Test worker] o.s.t.c.transaction.TransactionContext   : Began transaction (1) for test context [DefaultTestContext@357b7544 testClass = VueloTest, testInstance = co.edu.uniquindio.proyecto.test.VueloTest@39a6a08d, testMethod = obtenerVuelosTest@VueloTest, testException = [null], mergedContextConfiguration = [MergedContextConfiguration@35665252 testClass = VueloTest, locations = '{}', classes = '{class co.edu.uniquindio.proyecto.PersistenciaApplication}', contextInitializerClasses = '[]', activeProfiles = '{}', propertySourceLocations = '{}', propertySourceProperties = '{org.springframework.boot.test.autoconfigure.orm.jpa.DataJpaTestContextBootstrapper=true}', contextCustomizers = set[org.springframework.boot.test.autoconfigure.OverrideAutoConfigurationContextCustomizerFactory$DisableAutoConfigurationContextCustomizer@f247329, org.springframework.boot.test.autoconfigure.actuate.metrics.MetricsExportContextCustomizerFactory$DisableMetricExportContextCustomizer@650d3e48, org.springframework.boot.test.autoconfigure.filter.TypeExcludeFiltersContextCustomizer@351584c0, org.springframework.boot.test.autoconfigure.properties.PropertyMappingContextCustomizer@597e3a91, org.springframework.boot.test.autoconfigure.web.servlet.WebDriverContextCustomizerFactory$Customizer@6ac8806d, [ImportsContextCustomizer@7699a895 key = [org.springframework.boot.autoconfigure.cache.CacheAutoConfiguration, org.springframework.boot.autoconfigure.data.jpa.JpaRepositoriesAutoConfiguration, org.springframework.boot.autoconfigure.flyway.FlywayAutoConfiguration, org.springframework.boot.autoconfigure.jdbc.DataSourceAutoConfiguration, org.springframework.boot.autoconfigure.jdbc.DataSourceTransactionManagerAutoConfiguration, org.springframework.boot.autoconfigure.jdbc.JdbcTemplateAutoConfiguration, org.springframework.boot.autoconfigure.liquibase.LiquibaseAutoConfiguration, org.springframework.boot.autoconfigure.orm.jpa.HibernateJpaAutoConfiguration, org.springframework.boot.autoconfigure.sql.init.SqlInitializationAutoConfiguration, org.springframework.boot.autoconfigure.transaction.TransactionAutoConfiguration, org.springframework.boot.test.autoconfigure.jdbc.TestDatabaseAutoConfiguration, org.springframework.boot.test.autoconfigure.orm.jpa.TestEntityManagerAutoConfiguration]], org.springframework.boot.test.context.filter.ExcludeFilterContextCustomizer@73132f99, org.springframework.boot.test.json.DuplicateJsonObjectContextCustomizerFactory$DuplicateJsonObjectContextCustomizer@1bb564ad, org.springframework.boot.test.mock.mockito.MockitoContextCustomizer@0, org.springframework.boot.test.context.SpringBootTestArgs@1, org.springframework.boot.test.context.SpringBootTestWebEnvironment@0], contextLoader = 'org.springframework.boot.test.context.SpringBootContextLoader', parent = [null]], attributes = map['org.springframework.test.context.event.ApplicationEventsTestExecutionListener.recordApplicationEvents' -> false]]; transaction manager [org.springframework.orm.jpa.JpaTransactionManager@2dcccfa2]; rollback [true]
Hibernate: insert into departamento (nombre) values (?)
Hibernate: insert into ciudad (codigo_departamento, nombre) values (?, ?)
Hibernate: insert into ciudad (codigo_departamento, nombre) values (?, ?)
Hibernate: insert into vuelo (aerolinea, ciudad_destino, ciudad_origen) values (?, ?, ?)
Hibernate: insert into vuelo (aerolinea, ciudad_destino, ciudad_origen) values (?, ?, ?)
Hibernate: select vuelo0_.codigo_vuelo as codigo_v1_18_, vuelo0_.aerolinea as aeroline2_18_, vuelo0_.ciudad_destino as ciudad_d3_18_, vuelo0_.ciudad_origen as ciudad_o4_18_ from vuelo vuelo0_
[Vuelo(codigoVuelo=2, aerolinea=Avianca, ciudadOrigen=Ciudad(codigoCiudad=3, nombre=Armenia, departamento=Departamento(codigoDepartamento=2, nombre=Quindio)), ciudadDestino=Ciudad(codigoCiudad=4, nombre=Montenegro, departamento=Departamento(codigoDepartamento=2, nombre=Quindio)), sillas=null), Vuelo(codigoVuelo=3, aerolinea=Abianka, ciudadOrigen=Ciudad(codigoCiudad=3, nombre=Armenia, departamento=Departamento(codigoDepartamento=2, nombre=Quindio)), ciudadDestino=Ciudad(codigoCiudad=4, nombre=Montenegro, departamento=Departamento(codigoDepartamento=2, nombre=Quindio)), sillas=null)]2022-04-13 16:06:06.131  INFO 7343 --- [    Test worker] o.s.t.c.transaction.TransactionContext   : Rolled back transaction for test: [DefaultTestContext@357b7544 testClass = VueloTest, testInstance = co.edu.uniquindio.proyecto.test.VueloTest@39a6a08d, testMethod = obtenerVuelosTest@VueloTest, testException = [null], mergedContextConfiguration = [MergedContextConfiguration@35665252 testClass = VueloTest, locations = '{}', classes = '{class co.edu.uniquindio.proyecto.PersistenciaApplication}', contextInitializerClasses = '[]', activeProfiles = '{}', propertySourceLocations = '{}', propertySourceProperties = '{org.springframework.boot.test.autoconfigure.orm.jpa.DataJpaTestContextBootstrapper=true}', contextCustomizers = set[org.springframework.boot.test.autoconfigure.OverrideAutoConfigurationContextCustomizerFactory$DisableAutoConfigurationContextCustomizer@f247329, org.springframework.boot.test.autoconfigure.actuate.metrics.MetricsExportContextCustomizerFactory$DisableMetricExportContextCustomizer@650d3e48, org.springframework.boot.test.autoconfigure.filter.TypeExcludeFiltersContextCustomizer@351584c0, org.springframework.boot.test.autoconfigure.properties.PropertyMappingContextCustomizer@597e3a91, org.springframework.boot.test.autoconfigure.web.servlet.WebDriverContextCustomizerFactory$Customizer@6ac8806d, [ImportsContextCustomizer@7699a895 key = [org.springframework.boot.autoconfigure.cache.CacheAutoConfiguration, org.springframework.boot.autoconfigure.data.jpa.JpaRepositoriesAutoConfiguration, org.springframework.boot.autoconfigure.flyway.FlywayAutoConfiguration, org.springframework.boot.autoconfigure.jdbc.DataSourceAutoConfiguration, org.springframework.boot.autoconfigure.jdbc.DataSourceTransactionManagerAutoConfiguration, org.springframework.boot.autoconfigure.jdbc.JdbcTemplateAutoConfiguration, org.springframework.boot.autoconfigure.liquibase.LiquibaseAutoConfiguration, org.springframework.boot.autoconfigure.orm.jpa.HibernateJpaAutoConfiguration, org.springframework.boot.autoconfigure.sql.init.SqlInitializationAutoConfiguration, org.springframework.boot.autoconfigure.transaction.TransactionAutoConfiguration, org.springframework.boot.test.autoconfigure.jdbc.TestDatabaseAutoConfiguration, org.springframework.boot.test.autoconfigure.orm.jpa.TestEntityManagerAutoConfiguration]], org.springframework.boot.test.context.filter.ExcludeFilterContextCustomizer@73132f99, org.springframework.boot.test.json.DuplicateJsonObjectContextCustomizerFactory$DuplicateJsonObjectContextCustomizer@1bb564ad, org.springframework.boot.test.mock.mockito.MockitoContextCustomizer@0, org.springframework.boot.test.context.SpringBootTestArgs@1, org.springframework.boot.test.context.SpringBootTestWebEnvironment@0], contextLoader = 'org.springframework.boot.test.context.SpringBootContextLoader', parent = [null]], attributes = map['org.springframework.test.context.event.ApplicationEventsTestExecutionListener.recordApplicationEvents' -> false]]
2022-04-13 16:06:06.137  INFO 7343 --- [    Test worker] o.s.t.c.transaction.TransactionContext   : Began transaction (1) for test context [DefaultTestContext@357b7544 testClass = VueloTest, testInstance = co.edu.uniquindio.proyecto.test.VueloTest@7e1d55d1, testMethod = editarVueloTest@VueloTest, testException = [null], mergedContextConfiguration = [MergedContextConfiguration@35665252 testClass = VueloTest, locations = '{}', classes = '{class co.edu.uniquindio.proyecto.PersistenciaApplication}', contextInitializerClasses = '[]', activeProfiles = '{}', propertySourceLocations = '{}', propertySourceProperties = '{org.springframework.boot.test.autoconfigure.orm.jpa.DataJpaTestContextBootstrapper=true}', contextCustomizers = set[org.springframework.boot.test.autoconfigure.OverrideAutoConfigurationContextCustomizerFactory$DisableAutoConfigurationContextCustomizer@f247329, org.springframework.boot.test.autoconfigure.actuate.metrics.MetricsExportContextCustomizerFactory$DisableMetricExportContextCustomizer@650d3e48, org.springframework.boot.test.autoconfigure.filter.TypeExcludeFiltersContextCustomizer@351584c0, org.springframework.boot.test.autoconfigure.properties.PropertyMappingContextCustomizer@597e3a91, org.springframework.boot.test.autoconfigure.web.servlet.WebDriverContextCustomizerFactory$Customizer@6ac8806d, [ImportsContextCustomizer@7699a895 key = [org.springframework.boot.autoconfigure.cache.CacheAutoConfiguration, org.springframework.boot.autoconfigure.data.jpa.JpaRepositoriesAutoConfiguration, org.springframework.boot.autoconfigure.flyway.FlywayAutoConfiguration, org.springframework.boot.autoconfigure.jdbc.DataSourceAutoConfiguration, org.springframework.boot.autoconfigure.jdbc.DataSourceTransactionManagerAutoConfiguration, org.springframework.boot.autoconfigure.jdbc.JdbcTemplateAutoConfiguration, org.springframework.boot.autoconfigure.liquibase.LiquibaseAutoConfiguration, org.springframework.boot.autoconfigure.orm.jpa.HibernateJpaAutoConfiguration, org.springframework.boot.autoconfigure.sql.init.SqlInitializationAutoConfiguration, org.springframework.boot.autoconfigure.transaction.TransactionAutoConfiguration, org.springframework.boot.test.autoconfigure.jdbc.TestDatabaseAutoConfiguration, org.springframework.boot.test.autoconfigure.orm.jpa.TestEntityManagerAutoConfiguration]], org.springframework.boot.test.context.filter.ExcludeFilterContextCustomizer@73132f99, org.springframework.boot.test.json.DuplicateJsonObjectContextCustomizerFactory$DuplicateJsonObjectContextCustomizer@1bb564ad, org.springframework.boot.test.mock.mockito.MockitoContextCustomizer@0, org.springframework.boot.test.context.SpringBootTestArgs@1, org.springframework.boot.test.context.SpringBootTestWebEnvironment@0], contextLoader = 'org.springframework.boot.test.context.SpringBootContextLoader', parent = [null]], attributes = map['org.springframework.test.context.event.ApplicationEventsTestExecutionListener.recordApplicationEvents' -> false]]; transaction manager [org.springframework.orm.jpa.JpaTransactionManager@2dcccfa2]; rollback [true]
Hibernate: insert into departamento (nombre) values (?)
Hibernate: insert into ciudad (codigo_departamento, nombre) values (?, ?)
Hibernate: insert into ciudad (codigo_departamento, nombre) values (?, ?)
Hibernate: insert into vuelo (aerolinea, ciudad_destino, ciudad_origen) values (?, ?, ?)
2022-04-13 16:06:06.164  INFO 7343 --- [    Test worker] o.s.t.c.transaction.TransactionContext   : Rolled back transaction for test: [DefaultTestContext@357b7544 testClass = VueloTest, testInstance = co.edu.uniquindio.proyecto.test.VueloTest@7e1d55d1, testMethod = editarVueloTest@VueloTest, testException = [null], mergedContextConfiguration = [MergedContextConfiguration@35665252 testClass = VueloTest, locations = '{}', classes = '{class co.edu.uniquindio.proyecto.PersistenciaApplication}', contextInitializerClasses = '[]', activeProfiles = '{}', propertySourceLocations = '{}', propertySourceProperties = '{org.springframework.boot.test.autoconfigure.orm.jpa.DataJpaTestContextBootstrapper=true}', contextCustomizers = set[org.springframework.boot.test.autoconfigure.OverrideAutoConfigurationContextCustomizerFactory$DisableAutoConfigurationContextCustomizer@f247329, org.springframework.boot.test.autoconfigure.actuate.metrics.MetricsExportContextCustomizerFactory$DisableMetricExportContextCustomizer@650d3e48, org.springframework.boot.test.autoconfigure.filter.TypeExcludeFiltersContextCustomizer@351584c0, org.springframework.boot.test.autoconfigure.properties.PropertyMappingContextCustomizer@597e3a91, org.springframework.boot.test.autoconfigure.web.servlet.WebDriverContextCustomizerFactory$Customizer@6ac8806d, [ImportsContextCustomizer@7699a895 key = [org.springframework.boot.autoconfigure.cache.CacheAutoConfiguration, org.springframework.boot.autoconfigure.data.jpa.JpaRepositoriesAutoConfiguration, org.springframework.boot.autoconfigure.flyway.FlywayAutoConfiguration, org.springframework.boot.autoconfigure.jdbc.DataSourceAutoConfiguration, org.springframework.boot.autoconfigure.jdbc.DataSourceTransactionManagerAutoConfiguration, org.springframework.boot.autoconfigure.jdbc.JdbcTemplateAutoConfiguration, org.springframework.boot.autoconfigure.liquibase.LiquibaseAutoConfiguration, org.springframework.boot.autoconfigure.orm.jpa.HibernateJpaAutoConfiguration, org.springframework.boot.autoconfigure.sql.init.SqlInitializationAutoConfiguration, org.springframework.boot.autoconfigure.transaction.TransactionAutoConfiguration, org.springframework.boot.test.autoconfigure.jdbc.TestDatabaseAutoConfiguration, org.springframework.boot.test.autoconfigure.orm.jpa.TestEntityManagerAutoConfiguration]], org.springframework.boot.test.context.filter.ExcludeFilterContextCustomizer@73132f99, org.springframework.boot.test.json.DuplicateJsonObjectContextCustomizerFactory$DuplicateJsonObjectContextCustomizer@1bb564ad, org.springframework.boot.test.mock.mockito.MockitoContextCustomizer@0, org.springframework.boot.test.context.SpringBootTestArgs@1, org.springframework.boot.test.context.SpringBootTestWebEnvironment@0], contextLoader = 'org.springframework.boot.test.context.SpringBootContextLoader', parent = [null]], attributes = map['org.springframework.test.context.event.ApplicationEventsTestExecutionListener.recordApplicationEvents' -> false]]
2022-04-13 16:06:06.170  INFO 7343 --- [    Test worker] o.s.t.c.transaction.TransactionContext   : Began transaction (1) for test context [DefaultTestContext@357b7544 testClass = VueloTest, testInstance = co.edu.uniquindio.proyecto.test.VueloTest@5f1db2f6, testMethod = eliminarVueloTest@VueloTest, testException = [null], mergedContextConfiguration = [MergedContextConfiguration@35665252 testClass = VueloTest, locations = '{}', classes = '{class co.edu.uniquindio.proyecto.PersistenciaApplication}', contextInitializerClasses = '[]', activeProfiles = '{}', propertySourceLocations = '{}', propertySourceProperties = '{org.springframework.boot.test.autoconfigure.orm.jpa.DataJpaTestContextBootstrapper=true}', contextCustomizers = set[org.springframework.boot.test.autoconfigure.OverrideAutoConfigurationContextCustomizerFactory$DisableAutoConfigurationContextCustomizer@f247329, org.springframework.boot.test.autoconfigure.actuate.metrics.MetricsExportContextCustomizerFactory$DisableMetricExportContextCustomizer@650d3e48, org.springframework.boot.test.autoconfigure.filter.TypeExcludeFiltersContextCustomizer@351584c0, org.springframework.boot.test.autoconfigure.properties.PropertyMappingContextCustomizer@597e3a91, org.springframework.boot.test.autoconfigure.web.servlet.WebDriverContextCustomizerFactory$Customizer@6ac8806d, [ImportsContextCustomizer@7699a895 key = [org.springframework.boot.autoconfigure.cache.CacheAutoConfiguration, org.springframework.boot.autoconfigure.data.jpa.JpaRepositoriesAutoConfiguration, org.springframework.boot.autoconfigure.flyway.FlywayAutoConfiguration, org.springframework.boot.autoconfigure.jdbc.DataSourceAutoConfiguration, org.springframework.boot.autoconfigure.jdbc.DataSourceTransactionManagerAutoConfiguration, org.springframework.boot.autoconfigure.jdbc.JdbcTemplateAutoConfiguration, org.springframework.boot.autoconfigure.liquibase.LiquibaseAutoConfiguration, org.springframework.boot.autoconfigure.orm.jpa.HibernateJpaAutoConfiguration, org.springframework.boot.autoconfigure.sql.init.SqlInitializationAutoConfiguration, org.springframework.boot.autoconfigure.transaction.TransactionAutoConfiguration, org.springframework.boot.test.autoconfigure.jdbc.TestDatabaseAutoConfiguration, org.springframework.boot.test.autoconfigure.orm.jpa.TestEntityManagerAutoConfiguration]], org.springframework.boot.test.context.filter.ExcludeFilterContextCustomizer@73132f99, org.springframework.boot.test.json.DuplicateJsonObjectContextCustomizerFactory$DuplicateJsonObjectContextCustomizer@1bb564ad, org.springframework.boot.test.mock.mockito.MockitoContextCustomizer@0, org.springframework.boot.test.context.SpringBootTestArgs@1, org.springframework.boot.test.context.SpringBootTestWebEnvironment@0], contextLoader = 'org.springframework.boot.test.context.SpringBootContextLoader', parent = [null]], attributes = map['org.springframework.test.context.event.ApplicationEventsTestExecutionListener.recordApplicationEvents' -> false]]; transaction manager [org.springframework.orm.jpa.JpaTransactionManager@2dcccfa2]; rollback [true]
Hibernate: insert into departamento (nombre) values (?)
Hibernate: insert into ciudad (codigo_departamento, nombre) values (?, ?)
Hibernate: insert into ciudad (codigo_departamento, nombre) values (?, ?)
Hibernate: insert into vuelo (aerolinea, ciudad_destino, ciudad_origen) values (?, ?, ?)
2022-04-13 16:06:06.209  INFO 7343 --- [    Test worker] o.s.t.c.transaction.TransactionContext   : Rolled back transaction for test: [DefaultTestContext@357b7544 testClass = VueloTest, testInstance = co.edu.uniquindio.proyecto.test.VueloTest@5f1db2f6, testMethod = eliminarVueloTest@VueloTest, testException = [null], mergedContextConfiguration = [MergedContextConfiguration@35665252 testClass = VueloTest, locations = '{}', classes = '{class co.edu.uniquindio.proyecto.PersistenciaApplication}', contextInitializerClasses = '[]', activeProfiles = '{}', propertySourceLocations = '{}', propertySourceProperties = '{org.springframework.boot.test.autoconfigure.orm.jpa.DataJpaTestContextBootstrapper=true}', contextCustomizers = set[org.springframework.boot.test.autoconfigure.OverrideAutoConfigurationContextCustomizerFactory$DisableAutoConfigurationContextCustomizer@f247329, org.springframework.boot.test.autoconfigure.actuate.metrics.MetricsExportContextCustomizerFactory$DisableMetricExportContextCustomizer@650d3e48, org.springframework.boot.test.autoconfigure.filter.TypeExcludeFiltersContextCustomizer@351584c0, org.springframework.boot.test.autoconfigure.properties.PropertyMappingContextCustomizer@597e3a91, org.springframework.boot.test.autoconfigure.web.servlet.WebDriverContextCustomizerFactory$Customizer@6ac8806d, [ImportsContextCustomizer@7699a895 key = [org.springframework.boot.autoconfigure.cache.CacheAutoConfiguration, org.springframework.boot.autoconfigure.data.jpa.JpaRepositoriesAutoConfiguration, org.springframework.boot.autoconfigure.flyway.FlywayAutoConfiguration, org.springframework.boot.autoconfigure.jdbc.DataSourceAutoConfiguration, org.springframework.boot.autoconfigure.jdbc.DataSourceTransactionManagerAutoConfiguration, org.springframework.boot.autoconfigure.jdbc.JdbcTemplateAutoConfiguration, org.springframework.boot.autoconfigure.liquibase.LiquibaseAutoConfiguration, org.springframework.boot.autoconfigure.orm.jpa.HibernateJpaAutoConfiguration, org.springframework.boot.autoconfigure.sql.init.SqlInitializationAutoConfiguration, org.springframework.boot.autoconfigure.transaction.TransactionAutoConfiguration, org.springframework.boot.test.autoconfigure.jdbc.TestDatabaseAutoConfiguration, org.springframework.boot.test.autoconfigure.orm.jpa.TestEntityManagerAutoConfiguration]], org.springframework.boot.test.context.filter.ExcludeFilterContextCustomizer@73132f99, org.springframework.boot.test.json.DuplicateJsonObjectContextCustomizerFactory$DuplicateJsonObjectContextCustomizer@1bb564ad, org.springframework.boot.test.mock.mockito.MockitoContextCustomizer@0, org.springframework.boot.test.context.SpringBootTestArgs@1, org.springframework.boot.test.context.SpringBootTestWebEnvironment@0], contextLoader = 'org.springframework.boot.test.context.SpringBootContextLoader', parent = [null]], attributes = map['org.springframework.test.context.event.ApplicationEventsTestExecutionListener.recordApplicationEvents' -> false]]
]]></system-out>
  <system-err><![CDATA[]]></system-err>
</testsuite>
